2015/07/31 15:11:29 [error] [exception.CHttpException.404] exception 'CHttpException' with message 'Unable to resolve the request "gii".' in C:\xampp\htdocs\yii\framework\web\CWebApplication.php:286
Stack trace:
#0 C:\xampp\htdocs\yii\framework\web\CWebApplication.php(141): CWebApplication->runController('gii')
#1 C:\xampp\htdocs\yii\framework\base\CApplication.php(184): CWebApplication->processRequest()
#2 C:\xampp\htdocs\cars\index.php(13): CApplication->run()
#3 {main}
REQUEST_URI=/cars/index.php?r=gii
---
2015/08/04 01:38:26 [error] [php] Invalid argument supplied for foreach() (C:\xampp\htdocs\yii\framework\web\helpers\CHtml.php:2284)
Stack trace:
#0 C:\xampp\htdocs\yii\framework\web\CBaseController.php(95): CarstblController->renderInternal()
#1 C:\xampp\htdocs\yii\framework\web\CController.php(869): CarstblController->renderFile()
#2 C:\xampp\htdocs\cars\protected\views\carstbl\create.php(18): CarstblController->renderPartial()
#3 C:\xampp\htdocs\yii\framework\web\CBaseController.php(126): require()
#4 C:\xampp\htdocs\yii\framework\web\CBaseController.php(95): CarstblController->renderInternal()
#5 C:\xampp\htdocs\yii\framework\web\CController.php(869): CarstblController->renderFile()
#6 C:\xampp\htdocs\yii\framework\web\CController.php(782): CarstblController->renderPartial()
#7 C:\xampp\htdocs\cars\protected\controllers\CarstblController.php(79): CarstblController->render()
#8 C:\xampp\htdocs\yii\framework\web\actions\CInlineAction.php(49): CarstblController->actionCreate()
#9 C:\xampp\htdocs\yii\framework\web\CController.php(308): CInlineAction->runWithParams()
#10 C:\xampp\htdocs\yii\framework\web\filters\CFilterChain.php(133): CarstblController->runAction()
#11 C:\xampp\htdocs\yii\framework\web\filters\CFilter.php(40): CFilterChain->run()
#12 C:\xampp\htdocs\yii\framework\web\CController.php(1145): CAccessControlFilter->filter()
#13 C:\xampp\htdocs\yii\framework\web\filters\CInlineFilter.php(58): CarstblController->filterAccessControl()
#14 C:\xampp\htdocs\yii\framework\web\filters\CFilterChain.php(130): CInlineFilter->filter()
#15 C:\xampp\htdocs\yii\framework\web\CController.php(291): CFilterChain->run()
#16 C:\xampp\htdocs\yii\framework\web\CController.php(265): CarstblController->runActionWithFilters()
#17 C:\xampp\htdocs\yii\framework\web\CWebApplication.php(282): CarstblController->run()
#18 C:\xampp\htdocs\yii\framework\web\CWebApplication.php(141): CWebApplication->runController()
#19 C:\xampp\htdocs\yii\framework\base\CApplication.php(184): CWebApplication->processRequest()
#20 C:\xampp\htdocs\cars\index.php(13): CWebApplication->run()
REQUEST_URI=/cars/index.php?r=carstbl/create
in C:\xampp\htdocs\cars\protected\views\carstbl\_form.php (52)
in C:\xampp\htdocs\cars\protected\views\carstbl\create.php (18)
in C:\xampp\htdocs\cars\protected\controllers\CarstblController.php (79)
2015/08/04 01:38:38 [error] [php] Invalid argument supplied for foreach() (C:\xampp\htdocs\yii\framework\web\helpers\CHtml.php:2284)
Stack trace:
#0 C:\xampp\htdocs\yii\framework\web\CBaseController.php(95): CarstblController->renderInternal()
#1 C:\xampp\htdocs\yii\framework\web\CController.php(869): CarstblController->renderFile()
#2 C:\xampp\htdocs\cars\protected\views\carstbl\create.php(18): CarstblController->renderPartial()
#3 C:\xampp\htdocs\yii\framework\web\CBaseController.php(126): require()
#4 C:\xampp\htdocs\yii\framework\web\CBaseController.php(95): CarstblController->renderInternal()
#5 C:\xampp\htdocs\yii\framework\web\CController.php(869): CarstblController->renderFile()
#6 C:\xampp\htdocs\yii\framework\web\CController.php(782): CarstblController->renderPartial()
#7 C:\xampp\htdocs\cars\protected\controllers\CarstblController.php(79): CarstblController->render()
#8 C:\xampp\htdocs\yii\framework\web\actions\CInlineAction.php(49): CarstblController->actionCreate()
#9 C:\xampp\htdocs\yii\framework\web\CController.php(308): CInlineAction->runWithParams()
#10 C:\xampp\htdocs\yii\framework\web\filters\CFilterChain.php(133): CarstblController->runAction()
#11 C:\xampp\htdocs\yii\framework\web\filters\CFilter.php(40): CFilterChain->run()
#12 C:\xampp\htdocs\yii\framework\web\CController.php(1145): CAccessControlFilter->filter()
#13 C:\xampp\htdocs\yii\framework\web\filters\CInlineFilter.php(58): CarstblController->filterAccessControl()
#14 C:\xampp\htdocs\yii\framework\web\filters\CFilterChain.php(130): CInlineFilter->filter()
#15 C:\xampp\htdocs\yii\framework\web\CController.php(291): CFilterChain->run()
#16 C:\xampp\htdocs\yii\framework\web\CController.php(265): CarstblController->runActionWithFilters()
#17 C:\xampp\htdocs\yii\framework\web\CWebApplication.php(282): CarstblController->run()
#18 C:\xampp\htdocs\yii\framework\web\CWebApplication.php(141): CWebApplication->runController()
#19 C:\xampp\htdocs\yii\framework\base\CApplication.php(184): CWebApplication->processRequest()
#20 C:\xampp\htdocs\cars\index.php(13): CWebApplication->run()
REQUEST_URI=/cars/index.php?r=carstbl/create
in C:\xampp\htdocs\cars\protected\views\carstbl\_form.php (52)
in C:\xampp\htdocs\cars\protected\views\carstbl\create.php (18)
in C:\xampp\htdocs\cars\protected\controllers\CarstblController.php (79)
